[0.492s] Invoking command in '/home/bubing3/Raspberry_ws/ball_detection': CONDA_PROMPT_MODIFIER=(rc2023) PYTHONPATH=/home/bubing3/Raspberry_ws/build/ball_detection/prefix_override:/home/bubing3/Raspberry_ws/install/ball_detection/lib/python3.10/site-packages:${PYTHONPATH} /usr/bin/python3 setup.py egg_info --egg-base ../build/ball_detection build --build-base /home/bubing3/Raspberry_ws/build/ball_detection/build install --record /home/bubing3/Raspberry_ws/build/ball_detection/install.log --single-version-externally-managed
[0.673s] running egg_info
[0.673s] writing ../build/ball_detection/ball_detection.egg-info/PKG-INFO
[0.674s] writing dependency_links to ../build/ball_detection/ball_detection.egg-info/dependency_links.txt
[0.674s] writing entry points to ../build/ball_detection/ball_detection.egg-info/entry_points.txt
[0.674s] writing requirements to ../build/ball_detection/ball_detection.egg-info/requires.txt
[0.674s] writing top-level names to ../build/ball_detection/ball_detection.egg-info/top_level.txt
[0.675s] reading manifest file '../build/ball_detection/ball_detection.egg-info/SOURCES.txt'
[0.676s] writing manifest file '../build/ball_detection/ball_detection.egg-info/SOURCES.txt'
[0.677s] running build
[0.677s] running build_py
[0.677s] running install
[0.677s] running install_lib
[0.678s] running install_data
[0.678s] running install_egg_info
[0.679s] removing '/home/bubing3/Raspberry_ws/install/ball_detection/lib/python3.10/site-packages/ball_detection-0.0.0-py3.10.egg-info' (and everything under it)
[0.680s] Copying ../build/ball_detection/ball_detection.egg-info to /home/bubing3/Raspberry_ws/install/ball_detection/lib/python3.10/site-packages/ball_detection-0.0.0-py3.10.egg-info
[0.681s] running install_scripts
[0.694s] Installing ball_detection_listener script to /home/bubing3/Raspberry_ws/install/ball_detection/lib/ball_detection
[0.694s] Installing ball_detection_node script to /home/bubing3/Raspberry_ws/install/ball_detection/lib/ball_detection
[0.694s] writing list of installed files to '/home/bubing3/Raspberry_ws/build/ball_detection/install.log'
[0.717s] Invoked command in '/home/bubing3/Raspberry_ws/ball_detection' returned '0': CONDA_PROMPT_MODIFIER=(rc2023) PYTHONPATH=/home/bubing3/Raspberry_ws/build/ball_detection/prefix_override:/home/bubing3/Raspberry_ws/install/ball_detection/lib/python3.10/site-packages:${PYTHONPATH} /usr/bin/python3 setup.py egg_info --egg-base ../build/ball_detection build --build-base /home/bubing3/Raspberry_ws/build/ball_detection/build install --record /home/bubing3/Raspberry_ws/build/ball_detection/install.log --single-version-externally-managed
