[0.456s] Invoking command in '/home/bubing3/Raspberry_ws/ball_detection': CONDA_PROMPT_MODIFIER=(base) PYTHONPATH=/home/bubing3/Raspberry_ws/build/ball_detection/prefix_override:/home/bubing3/Raspberry_ws/install/ball_detection/lib/python3.10/site-packages:${PYTHONPATH} /usr/bin/python3 setup.py egg_info --egg-base ../build/ball_detection build --build-base /home/bubing3/Raspberry_ws/build/ball_detection/build install --record /home/bubing3/Raspberry_ws/build/ball_detection/install.log --single-version-externally-managed
[0.648s] running egg_info
[0.648s] writing ../build/ball_detection/ball_detection.egg-info/PKG-INFO
[0.649s] writing dependency_links to ../build/ball_detection/ball_detection.egg-info/dependency_links.txt
[0.649s] writing entry points to ../build/ball_detection/ball_detection.egg-info/entry_points.txt
[0.649s] writing requirements to ../build/ball_detection/ball_detection.egg-info/requires.txt
[0.649s] writing top-level names to ../build/ball_detection/ball_detection.egg-info/top_level.txt
[0.650s] reading manifest file '../build/ball_detection/ball_detection.egg-info/SOURCES.txt'
[0.651s] writing manifest file '../build/ball_detection/ball_detection.egg-info/SOURCES.txt'
[0.651s] running build
[0.651s] running build_py
[0.651s] copying ball_detection/ball_detection_listener.py -> /home/bubing3/Raspberry_ws/build/ball_detection/build/lib/ball_detection
[0.651s] copying ball_detection/ball_detection_node.py -> /home/bubing3/Raspberry_ws/build/ball_detection/build/lib/ball_detection
[0.651s] running install
[0.651s] running install_lib
[0.652s] copying /home/bubing3/Raspberry_ws/build/ball_detection/build/lib/ball_detection/ball_detection_listener.py -> /home/bubing3/Raspberry_ws/install/ball_detection/lib/python3.10/site-packages/ball_detection
[0.652s] copying /home/bubing3/Raspberry_ws/build/ball_detection/build/lib/ball_detection/ball_detection_node.py -> /home/bubing3/Raspberry_ws/install/ball_detection/lib/python3.10/site-packages/ball_detection
[0.652s] byte-compiling /home/bubing3/Raspberry_ws/install/ball_detection/lib/python3.10/site-packages/ball_detection/ball_detection_listener.py to ball_detection_listener.cpython-310.pyc
[0.652s] byte-compiling /home/bubing3/Raspberry_ws/install/ball_detection/lib/python3.10/site-packages/ball_detection/ball_detection_node.py to ball_detection_node.cpython-310.pyc
[0.653s] running install_data
[0.653s] running install_egg_info
[0.654s] removing '/home/bubing3/Raspberry_ws/install/ball_detection/lib/python3.10/site-packages/ball_detection-0.0.0-py3.10.egg-info' (and everything under it)
[0.655s] Copying ../build/ball_detection/ball_detection.egg-info to /home/bubing3/Raspberry_ws/install/ball_detection/lib/python3.10/site-packages/ball_detection-0.0.0-py3.10.egg-info
[0.655s] running install_scripts
[0.668s] Installing ball_detection_listener script to /home/bubing3/Raspberry_ws/install/ball_detection/lib/ball_detection
[0.668s] Installing ball_detection_node script to /home/bubing3/Raspberry_ws/install/ball_detection/lib/ball_detection
[0.669s] writing list of installed files to '/home/bubing3/Raspberry_ws/build/ball_detection/install.log'
[0.687s] Invoked command in '/home/bubing3/Raspberry_ws/ball_detection' returned '0': CONDA_PROMPT_MODIFIER=(base) PYTHONPATH=/home/bubing3/Raspberry_ws/build/ball_detection/prefix_override:/home/bubing3/Raspberry_ws/install/ball_detection/lib/python3.10/site-packages:${PYTHONPATH} /usr/bin/python3 setup.py egg_info --egg-base ../build/ball_detection build --build-base /home/bubing3/Raspberry_ws/build/ball_detection/build install --record /home/bubing3/Raspberry_ws/build/ball_detection/install.log --single-version-externally-managed
